{"C:\\Users\\caleul.caixeta\\Documents\\Projetos\\slips\\src\\math\\fine.ts": {"path":"C:\\Users\\caleul.caixeta\\Documents\\Projetos\\slips\\src\\math\\fine.ts","statementMap":{"0":{"start":{"line":2,"column":4},"end":{"line":4,"column":5}},"1":{"start":{"line":3,"column":8},"end":{"line":3,"column":null}},"2":{"start":{"line":5,"column":22},"end":{"line":5,"column":43}},"3":{"start":{"line":6,"column":4},"end":{"line":6,"column":null}},"4":{"start":{"line":1,"column":0},"end":{"line":1,"column":16}}},"fnMap":{"0":{"name":"calculateFine","decl":{"start":{"line":1,"column":16},"end":{"line":1,"column":29}},"loc":{"start":{"line":1,"column":52},"end":{"line":7,"column":1}}}},"branchMap":{"0":{"loc":{"start":{"line":2,"column":4},"end":{"line":4,"column":5}},"type":"if","locations":[{"start":{"line":2,"column":4},"end":{"line":4,"column":5}}]}},"s":{"0":2,"1":1,"2":1,"3":1,"4":1},"f":{"0":2},"b":{"0":[1]}}
,"C:\\Users\\caleul.caixeta\\Documents\\Projetos\\slips\\src\\math\\interest.ts": {"path":"C:\\Users\\caleul.caixeta\\Documents\\Projetos\\slips\\src\\math\\interest.ts","statementMap":{"0":{"start":{"line":2,"column":4},"end":{"line":4,"column":5}},"1":{"start":{"line":3,"column":8},"end":{"line":3,"column":null}},"2":{"start":{"line":5,"column":22},"end":{"line":5,"column":63}},"3":{"start":{"line":6,"column":4},"end":{"line":6,"column":null}},"4":{"start":{"line":1,"column":0},"end":{"line":1,"column":16}}},"fnMap":{"0":{"name":"calculateInterest","decl":{"start":{"line":1,"column":16},"end":{"line":1,"column":33}},"loc":{"start":{"line":1,"column":80},"end":{"line":7,"column":1}}}},"branchMap":{"0":{"loc":{"start":{"line":2,"column":4},"end":{"line":4,"column":5}},"type":"if","locations":[{"start":{"line":2,"column":4},"end":{"line":4,"column":5}}]}},"s":{"0":3,"1":1,"2":2,"3":2,"4":1},"f":{"0":3},"b":{"0":[1]}}
}
